
 PRINT U    NODAL SOLUTION PER NODE
 
  ***** POST1 NODAL DEGREE OF FREEDOM LISTING *****                            
 
  LOAD STEP=     1  SUBSTEP=     1                                             
   TIME=    1.0000      LOAD CASE=   0                                         
 
  THE FOLLOWING DEGREE OF FREEDOM RESULTS ARE IN THE GLOBAL COORDINATE SYSTEM  
 
    NODE       UX           UY           UZ           USUM  
       1  0.35615E-003 0.12718E-004 0.47388E-003 0.59293E-003
       2 -0.21337E-005 0.65699E-004 0.46559E-003 0.47021E-003
       3 -0.35625E-003 0.38198E-004 0.39712E-003 0.53486E-003
       4 -0.55991E-003 0.35401E-004 0.14580E-002 0.15622E-002
       5 -0.62634E-003 0.31741E-004 0.27004E-002 0.27723E-002
       6 -0.16387E-004 0.16686E-005 0.27174E-002 0.27174E-002
       7  0.63791E-003-0.64846E-005 0.26720E-002 0.27471E-002
       8  0.59653E-003-0.91608E-006 0.14211E-002 0.15412E-002
       9  0.25844E-004 0.38646E-005 0.14629E-002 0.14631E-002
      10   0.0000       0.0000       0.0000       0.0000     
      11 -0.37016E-004 0.28829E-005 0.19839E-004 0.42096E-004
      12 -0.11812E-003 0.38881E-006 0.93697E-004 0.15077E-003
      13  0.99432E-004-0.43367E-005 0.74038E-004 0.12405E-003
      14  0.32569E-004 0.12214E-005 0.15177E-004 0.35952E-004
      15   0.0000       0.0000       0.0000       0.0000     
      16   0.0000       0.0000       0.0000       0.0000     
      17   0.0000       0.0000       0.0000       0.0000     
      18   0.0000       0.0000       0.0000       0.0000     
      19   0.0000       0.0000       0.0000       0.0000     
      20   0.0000       0.0000       0.0000       0.0000     
      21   0.0000       0.0000       0.0000       0.0000     
      22   0.0000       0.0000       0.0000       0.0000     
      23   0.0000       0.0000       0.0000       0.0000     
      24  0.56961E-004 0.54097E-005 0.30455E-004 0.64818E-004
      25 -0.12190E-004-0.19607E-005 0.18518E-004 0.22257E-004
      26 -0.33097E-004-0.82477E-005 0.19860E-004 0.39469E-004
      27  0.10509E-003 0.27765E-004 0.13090E-003 0.17015E-003
      28 -0.98067E-004-0.17998E-004 0.97235E-004 0.13927E-003
      29  0.32033E-005 0.10185E-005 0.42671E-005 0.54320E-005
      30  0.26948E-004 0.85595E-006 0.89532E-005 0.28409E-004
      31 -0.10328E-004-0.19274E-005 0.47046E-005 0.11512E-004
      32  0.25703E-004 0.30271E-005 0.40060E-003 0.40143E-003
      33 -0.11855E-004 0.23552E-004 0.26787E-002 0.26788E-002
      34  0.31734E-004 0.29523E-004 0.14227E-002 0.14234E-002
      35   0.0000       0.0000       0.0000       0.0000     
      36   0.0000       0.0000       0.0000       0.0000     
      37   0.0000       0.0000       0.0000       0.0000     
 
  ***** POST1 NODAL DEGREE OF FREEDOM LISTING *****                            
 
  LOAD STEP=     1  SUBSTEP=     1                                             
   TIME=    1.0000      LOAD CASE=   0                                         
 
  THE FOLLOWING DEGREE OF FREEDOM RESULTS ARE IN THE GLOBAL COORDINATE SYSTEM  
 
    NODE       UX           UY           UZ           USUM  
      38   0.0000       0.0000       0.0000       0.0000     
      39   0.0000       0.0000       0.0000       0.0000     
      40   0.0000       0.0000       0.0000       0.0000     
      41   0.0000       0.0000       0.0000       0.0000     
      42   0.0000       0.0000       0.0000       0.0000     
      43 -0.43221E-004 0.88776E-005 0.29830E-004 0.53260E-004
      44  0.13034E-004-0.13225E-005 0.24387E-004 0.27684E-004
      45  0.31599E-004-0.74804E-005 0.20571E-004 0.38440E-004
      46 -0.61730E-004 0.45302E-004 0.13311E-003 0.15356E-003
      47  0.79717E-004-0.18520E-004 0.10151E-003 0.13039E-003
      48 -0.26776E-005 0.19514E-005 0.52774E-005 0.62313E-005
      49 -0.23570E-004 0.10428E-005 0.83767E-005 0.25036E-004
      50  0.10501E-004-0.18999E-005 0.55017E-005 0.12006E-004
      51   0.0000       0.0000       0.0000       0.0000     
      52   0.0000       0.0000       0.0000       0.0000     
      53   0.0000       0.0000       0.0000       0.0000     
      54   0.0000       0.0000       0.0000       0.0000     
      55   0.0000       0.0000       0.0000       0.0000     
      56   0.0000       0.0000       0.0000       0.0000     
      57   0.0000       0.0000       0.0000       0.0000     
      58   0.0000       0.0000       0.0000       0.0000     
      59   0.0000       0.0000       0.0000       0.0000     
      60   0.0000       0.0000       0.0000       0.0000     
      61   0.0000       0.0000       0.0000       0.0000     
      62   0.0000       0.0000       0.0000       0.0000     
      63   0.0000       0.0000       0.0000       0.0000     
      64   0.0000       0.0000       0.0000       0.0000     
      65   0.0000       0.0000       0.0000       0.0000     
      66   0.0000       0.0000       0.0000       0.0000     
      67   0.0000       0.0000       0.0000       0.0000     
      68   0.0000       0.0000       0.0000       0.0000     
      69   0.0000       0.0000       0.0000       0.0000     
      70   0.0000       0.0000       0.0000       0.0000     
      71   0.0000       0.0000       0.0000       0.0000     
      72   0.0000       0.0000       0.0000       0.0000     
      73   0.0000       0.0000       0.0000       0.0000     
      74   0.0000       0.0000       0.0000       0.0000     
 
  ***** POST1 NODAL DEGREE OF FREEDOM LISTING *****                            
 
  LOAD STEP=     1  SUBSTEP=     1                                             
   TIME=    1.0000      LOAD CASE=   0                                         
 
  THE FOLLOWING DEGREE OF FREEDOM RESULTS ARE IN THE GLOBAL COORDINATE SYSTEM  
 
    NODE       UX           UY           UZ           USUM  
      75   0.0000       0.0000       0.0000       0.0000     
      76   0.0000       0.0000       0.0000       0.0000     
      77   0.0000       0.0000       0.0000       0.0000     
      78   0.0000       0.0000       0.0000       0.0000     
      79   0.0000       0.0000       0.0000       0.0000     
      80   0.0000       0.0000       0.0000       0.0000     
      81   0.0000       0.0000       0.0000       0.0000     
      82   0.0000       0.0000       0.0000       0.0000     
      83   0.0000       0.0000       0.0000       0.0000     
      84   0.0000       0.0000       0.0000       0.0000     
      85   0.0000       0.0000       0.0000       0.0000     
      86   0.0000       0.0000       0.0000       0.0000     
      87   0.0000       0.0000       0.0000       0.0000     
      88   0.0000       0.0000       0.0000       0.0000     
      89 -0.14202E-004 0.14049E-005 0.26845E-005 0.14522E-004
      90 -0.31890E-005-0.13722E-005-0.34659E-005 0.49056E-005
      91  0.13221E-004 0.11840E-005 0.24741E-005 0.13502E-004
      92  0.34975E-005-0.15574E-005-0.29913E-005 0.48586E-005
      93 -0.85966E-005-0.21966E-005-0.38733E-005 0.96814E-005
      94 -0.12973E-004-0.29468E-005-0.68109E-008 0.13303E-004
      95 -0.15708E-004-0.13637E-005 0.15731E-005 0.15846E-004
      96  0.14715E-004 0.19364E-005-0.17704E-005 0.14947E-004
      97  0.11771E-004 0.36644E-005-0.34927E-005 0.12814E-004
      98  0.11100E-004 0.42260E-005-0.47740E-005 0.12801E-004
      99  0.13052E-005 0.18240E-005-0.53222E-005 0.57755E-005
     100  0.90328E-005-0.22965E-005-0.34017E-005 0.99216E-005
     101  0.12922E-004-0.28269E-005 0.25066E-006 0.13230E-004
     102  0.15238E-004-0.11785E-005 0.16992E-005 0.15378E-004
     103 -0.15516E-004 0.27721E-005-0.15387E-005 0.15836E-004
     104 -0.11356E-004 0.38793E-005-0.33961E-005 0.12471E-004
     105 -0.99104E-005 0.39059E-005-0.52409E-005 0.11872E-004
     106 -0.94607E-006 0.12183E-005-0.44015E-005 0.46640E-005
     107  0.72548E-005 0.16337E-005-0.11227E-004 0.13467E-004
     108 -0.10382E-004-0.88810E-006-0.12588E-004 0.16342E-004
     109 -0.18789E-004 0.23387E-005-0.61105E-005 0.19896E-004
     110 -0.16741E-004-0.23397E-005-0.56159E-005 0.17812E-004
     111 -0.49390E-005-0.16236E-005-0.84351E-005 0.99086E-005
 
  ***** POST1 NODAL DEGREE OF FREEDOM LISTING *****                            
 
  LOAD STEP=     1  SUBSTEP=     1                                             
   TIME=    1.0000      LOAD CASE=   0                                         
 
  THE FOLLOWING DEGREE OF FREEDOM RESULTS ARE IN THE GLOBAL COORDINATE SYSTEM  
 
    NODE       UX           UY           UZ           USUM  
     112 -0.20043E-004-0.40269E-007-0.17066E-005 0.20116E-004
     113  0.18037E-004-0.22051E-005-0.54804E-005 0.18980E-004
     114  0.11562E-004-0.15100E-005-0.14185E-004 0.18362E-004
     115  0.19798E-004-0.20263E-006-0.15422E-005 0.19859E-004
     116  0.19322E-004 0.17404E-005-0.63150E-005 0.20402E-004
     117  0.65251E-005-0.19995E-005-0.82506E-005 0.10707E-004
     118 -0.68911E-005 0.19603E-005-0.10993E-004 0.13122E-004
     119  0.20166E-004-0.16213E-005 0.10784E-005 0.20260E-004
     120 -0.20661E-004-0.17702E-005 0.60528E-006 0.20745E-004
     121  0.31396E-004 0.99681E-006-0.27837E-005 0.31535E-004
     122  0.24072E-004 0.39319E-007 0.25578E-005 0.24207E-004
     123  0.19571E-004 0.27181E-005-0.34617E-005 0.20060E-004
     124 -0.29421E-004 0.28490E-005-0.30240E-005 0.29713E-004
     125 -0.10668E-004 0.12777E-005-0.40204E-005 0.11471E-004
     126  0.13264E-004 0.37551E-006-0.20712E-005 0.13430E-004
     127 -0.17735E-004 0.26820E-005-0.23860E-005 0.18095E-004
     128  0.20924E-005-0.13262E-006-0.23676E-005 0.31625E-005
     129 -0.26106E-004 0.10358E-005 0.30092E-005 0.26300E-004
     130 -0.15652E-005-0.10560E-006-0.23659E-005 0.28387E-005
     131 -0.38604E-005 0.28035E-005 0.45074E-004 0.45326E-004

 MAXIMUM ABSOLUTE VALUES
 NODE          7            2            6            5
 VALUE   0.63791E-003 0.65699E-004 0.27174E-002 0.27723E-002

